2024-08-23 00:00:58,792 - __main__ - INFO - No updates to databases at 2024-08-23 00:00:58
2024-08-23 00:01:58,793 - __main__ - INFO - No updates to databases at 2024-08-23 00:01:58
2024-08-23 00:02:58,794 - __main__ - INFO - No updates to databases at 2024-08-23 00:02:58
2024-08-23 00:03:58,794 - __main__ - INFO - No updates to databases at 2024-08-23 00:03:58
2024-08-23 00:04:58,795 - __main__ - INFO - No updates to databases at 2024-08-23 00:04:58
2024-08-23 00:05:58,795 - __main__ - INFO - No updates to databases at 2024-08-23 00:05:58
2024-08-23 00:06:58,796 - __main__ - INFO - No updates to databases at 2024-08-23 00:06:58
2024-08-23 00:07:58,797 - __main__ - INFO - No updates to databases at 2024-08-23 00:07:58
2024-08-23 00:08:58,797 - __main__ - INFO - No updates to databases at 2024-08-23 00:08:58
2024-08-23 00:09:58,809 - __main__ - INFO - Got new liveTourneyIds: []
2024-08-23 00:09:58,810 - __main__ - INFO - No updates to databases at 2024-08-23 00:09:58
2024-08-23 00:10:58,810 - __main__ - INFO - No updates to databases at 2024-08-23 00:10:58
2024-08-23 00:11:58,811 - __main__ - INFO - No updates to databases at 2024-08-23 00:11:58
2024-08-23 00:12:58,812 - __main__ - INFO - No updates to databases at 2024-08-23 00:12:58
2024-08-23 00:13:58,812 - __main__ - INFO - No updates to databases at 2024-08-23 00:13:58
2024-08-23 00:14:58,813 - __main__ - INFO - No updates to databases at 2024-08-23 00:14:58
2024-08-23 00:15:58,814 - __main__ - INFO - No updates to databases at 2024-08-23 00:15:58
2024-08-23 00:16:58,814 - __main__ - INFO - No updates to databases at 2024-08-23 00:16:58
2024-08-23 00:17:58,815 - __main__ - INFO - No updates to databases at 2024-08-23 00:17:58
2024-08-23 00:18:58,816 - __main__ - INFO - No updates to databases at 2024-08-23 00:18:58
2024-08-23 00:19:58,816 - __main__ - INFO - No updates to databases at 2024-08-23 00:19:58
2024-08-23 00:20:58,817 - __main__ - INFO - No updates to databases at 2024-08-23 00:20:58
2024-08-23 00:21:58,817 - __main__ - INFO - No updates to databases at 2024-08-23 00:21:58
2024-08-23 00:22:58,818 - __main__ - INFO - No updates to databases at 2024-08-23 00:22:58
2024-08-23 00:23:58,819 - __main__ - INFO - No updates to databases at 2024-08-23 00:23:58
2024-08-23 00:24:58,819 - __main__ - INFO - No updates to databases at 2024-08-23 00:24:58
2024-08-23 00:25:58,820 - __main__ - INFO - No updates to databases at 2024-08-23 00:25:58
2024-08-23 00:26:58,820 - __main__ - INFO - No updates to databases at 2024-08-23 00:26:58
2024-08-23 00:27:58,821 - __main__ - INFO - No updates to databases at 2024-08-23 00:27:58
2024-08-23 00:28:58,822 - __main__ - INFO - No updates to databases at 2024-08-23 00:28:58
2024-08-23 00:29:58,823 - __main__ - INFO - No updates to databases at 2024-08-23 00:29:58
2024-08-23 00:30:58,823 - __main__ - INFO - No updates to databases at 2024-08-23 00:30:58
2024-08-23 00:31:58,824 - __main__ - INFO - No updates to databases at 2024-08-23 00:31:58
2024-08-23 00:32:58,825 - __main__ - INFO - No updates to databases at 2024-08-23 00:32:58
2024-08-23 00:33:58,825 - __main__ - INFO - No updates to databases at 2024-08-23 00:33:58
2024-08-23 00:34:58,826 - __main__ - INFO - No updates to databases at 2024-08-23 00:34:58
2024-08-23 00:35:58,827 - __main__ - INFO - No updates to databases at 2024-08-23 00:35:58
2024-08-23 00:36:58,828 - __main__ - INFO - No updates to databases at 2024-08-23 00:36:58
2024-08-23 00:37:58,828 - __main__ - INFO - No updates to databases at 2024-08-23 00:37:58
2024-08-23 00:38:58,829 - __main__ - INFO - No updates to databases at 2024-08-23 00:38:58
2024-08-23 00:39:58,830 - __main__ - INFO - No updates to databases at 2024-08-23 00:39:58
2024-08-23 00:40:58,830 - __main__ - INFO - No updates to databases at 2024-08-23 00:40:58
2024-08-23 00:41:58,831 - __main__ - INFO - No updates to databases at 2024-08-23 00:41:58
2024-08-23 00:42:58,832 - __main__ - INFO - No updates to databases at 2024-08-23 00:42:58
2024-08-23 00:43:58,832 - __main__ - INFO - No updates to databases at 2024-08-23 00:43:58
2024-08-23 00:44:58,833 - __main__ - INFO - No updates to databases at 2024-08-23 00:44:58
2024-08-23 00:45:58,834 - __main__ - INFO - No updates to databases at 2024-08-23 00:45:58
2024-08-23 00:46:58,834 - __main__ - INFO - No updates to databases at 2024-08-23 00:46:58
2024-08-23 00:47:58,835 - __main__ - INFO - No updates to databases at 2024-08-23 00:47:58
2024-08-23 00:48:58,836 - __main__ - INFO - No updates to databases at 2024-08-23 00:48:58
2024-08-23 00:49:58,837 - __main__ - INFO - No updates to databases at 2024-08-23 00:49:58
2024-08-23 00:50:58,838 - __main__ - INFO - No updates to databases at 2024-08-23 00:50:58
2024-08-23 00:51:58,838 - __main__ - INFO - No updates to databases at 2024-08-23 00:51:58
2024-08-23 00:52:58,839 - __main__ - INFO - No updates to databases at 2024-08-23 00:52:58
2024-08-23 00:53:58,840 - __main__ - INFO - No updates to databases at 2024-08-23 00:53:58
2024-08-23 00:54:58,840 - __main__ - INFO - No updates to databases at 2024-08-23 00:54:58
2024-08-23 00:55:58,841 - __main__ - INFO - No updates to databases at 2024-08-23 00:55:58
2024-08-23 00:56:58,842 - __main__ - INFO - No updates to databases at 2024-08-23 00:56:58
2024-08-23 00:57:58,843 - __main__ - INFO - No updates to databases at 2024-08-23 00:57:58
2024-08-23 00:58:09,154 - __main__ - INFO - Got new liveTourneyIds: []
2024-08-23 00:58:09,154 - __main__ - INFO - No updates to databases at 2024-08-23 00:58:09
2024-08-23 00:59:09,154 - __main__ - INFO - No updates to databases at 2024-08-23 00:59:09
2024-08-23 01:00:09,155 - __main__ - INFO - No updates to databases at 2024-08-23 01:00:09
2024-08-23 01:01:09,156 - __main__ - INFO - No updates to databases at 2024-08-23 01:01:09
2024-08-23 01:02:09,156 - __main__ - INFO - No updates to databases at 2024-08-23 01:02:09
2024-08-23 01:03:09,157 - __main__ - INFO - No updates to databases at 2024-08-23 01:03:09
2024-08-23 01:04:09,158 - __main__ - INFO - No updates to databases at 2024-08-23 01:04:09
2024-08-23 01:05:09,159 - __main__ - INFO - No updates to databases at 2024-08-23 01:05:09
2024-08-23 01:06:09,159 - __main__ - INFO - No updates to databases at 2024-08-23 01:06:09
2024-08-23 01:07:09,160 - __main__ - INFO - No updates to databases at 2024-08-23 01:07:09
2024-08-23 01:08:09,160 - __main__ - INFO - No updates to databases at 2024-08-23 01:08:09
2024-08-23 01:09:09,161 - __main__ - INFO - No updates to databases at 2024-08-23 01:09:09
2024-08-23 01:10:09,162 - __main__ - INFO - No updates to databases at 2024-08-23 01:10:09
2024-08-23 01:11:09,162 - __main__ - INFO - No updates to databases at 2024-08-23 01:11:09
2024-08-23 01:12:09,163 - __main__ - INFO - No updates to databases at 2024-08-23 01:12:09
2024-08-23 01:13:09,163 - __main__ - INFO - No updates to databases at 2024-08-23 01:13:09
2024-08-23 01:14:09,164 - __main__ - INFO - No updates to databases at 2024-08-23 01:14:09
2024-08-23 01:15:09,164 - __main__ - INFO - No updates to databases at 2024-08-23 01:15:09
2024-08-23 01:16:09,165 - __main__ - INFO - No updates to databases at 2024-08-23 01:16:09
2024-08-23 01:17:09,166 - __main__ - INFO - No updates to databases at 2024-08-23 01:17:09
2024-08-23 01:18:09,166 - __main__ - INFO - No updates to databases at 2024-08-23 01:18:09
2024-08-23 01:19:09,167 - __main__ - INFO - No updates to databases at 2024-08-23 01:19:09
2024-08-23 01:20:09,168 - __main__ - INFO - No updates to databases at 2024-08-23 01:20:09
2024-08-23 01:21:09,168 - __main__ - INFO - No updates to databases at 2024-08-23 01:21:09
2024-08-23 01:22:09,169 - __main__ - INFO - No updates to databases at 2024-08-23 01:22:09
2024-08-23 01:23:09,170 - __main__ - INFO - No updates to databases at 2024-08-23 01:23:09
2024-08-23 01:24:09,170 - __main__ - INFO - No updates to databases at 2024-08-23 01:24:09
2024-08-23 01:25:09,171 - __main__ - INFO - No updates to databases at 2024-08-23 01:25:09
2024-08-23 01:26:09,172 - __main__ - INFO - No updates to databases at 2024-08-23 01:26:09
2024-08-23 01:27:09,172 - __main__ - INFO - No updates to databases at 2024-08-23 01:27:09
2024-08-23 01:28:09,173 - __main__ - INFO - No updates to databases at 2024-08-23 01:28:09
2024-08-23 01:29:09,174 - __main__ - INFO - No updates to databases at 2024-08-23 01:29:09
2024-08-23 01:30:09,174 - __main__ - INFO - No updates to databases at 2024-08-23 01:30:09
2024-08-23 01:31:09,175 - __main__ - INFO - No updates to databases at 2024-08-23 01:31:09
2024-08-23 01:32:09,176 - __main__ - INFO - No updates to databases at 2024-08-23 01:32:09
2024-08-23 01:33:09,176 - __main__ - INFO - No updates to databases at 2024-08-23 01:33:09
2024-08-23 01:34:09,177 - __main__ - INFO - No updates to databases at 2024-08-23 01:34:09
2024-08-23 01:35:09,177 - __main__ - INFO - No updates to databases at 2024-08-23 01:35:09
2024-08-23 01:36:09,178 - __main__ - INFO - No updates to databases at 2024-08-23 01:36:09
2024-08-23 01:37:09,179 - __main__ - INFO - No updates to databases at 2024-08-23 01:37:09
2024-08-23 01:38:09,180 - __main__ - INFO - No updates to databases at 2024-08-23 01:38:09
2024-08-23 01:39:09,180 - __main__ - INFO - No updates to databases at 2024-08-23 01:39:09
2024-08-23 01:40:09,181 - __main__ - INFO - No updates to databases at 2024-08-23 01:40:09
2024-08-23 01:41:09,182 - __main__ - INFO - No updates to databases at 2024-08-23 01:41:09
2024-08-23 01:42:09,182 - __main__ - INFO - No updates to databases at 2024-08-23 01:42:09
2024-08-23 01:43:09,183 - __main__ - INFO - No updates to databases at 2024-08-23 01:43:09
2024-08-23 01:44:09,184 - __main__ - INFO - No updates to databases at 2024-08-23 01:44:09
2024-08-23 01:45:09,184 - __main__ - INFO - No updates to databases at 2024-08-23 01:45:09
2024-08-23 01:46:09,185 - __main__ - INFO - No updates to databases at 2024-08-23 01:46:09
2024-08-23 01:47:09,185 - __main__ - INFO - No updates to databases at 2024-08-23 01:47:09
2024-08-23 01:48:09,186 - __main__ - INFO - No updates to databases at 2024-08-23 01:48:09
2024-08-23 01:49:09,187 - __main__ - INFO - No updates to databases at 2024-08-23 01:49:09
2024-08-23 01:50:09,187 - __main__ - INFO - No updates to databases at 2024-08-23 01:50:09
2024-08-23 01:51:09,188 - __main__ - INFO - No updates to databases at 2024-08-23 01:51:09
2024-08-23 01:52:09,189 - __main__ - INFO - No updates to databases at 2024-08-23 01:52:09
2024-08-23 01:53:09,189 - __main__ - INFO - No updates to databases at 2024-08-23 01:53:09
2024-08-23 01:54:09,190 - __main__ - INFO - No updates to databases at 2024-08-23 01:54:09
2024-08-23 01:55:09,191 - __main__ - INFO - No updates to databases at 2024-08-23 01:55:09
2024-08-23 01:56:09,192 - __main__ - INFO - No updates to databases at 2024-08-23 01:56:09
2024-08-23 01:57:09,192 - __main__ - INFO - No updates to databases at 2024-08-23 01:57:09
2024-08-23 01:58:09,205 - __main__ - INFO - Got new liveTourneyIds: []
2024-08-23 01:58:09,205 - __main__ - INFO - No updates to databases at 2024-08-23 01:58:09
2024-08-23 01:59:09,206 - __main__ - INFO - No updates to databases at 2024-08-23 01:59:09
2024-08-23 02:00:09,206 - __main__ - INFO - No updates to databases at 2024-08-23 02:00:09
2024-08-23 02:01:09,207 - __main__ - INFO - No updates to databases at 2024-08-23 02:01:09
2024-08-23 02:02:09,208 - __main__ - INFO - No updates to databases at 2024-08-23 02:02:09
2024-08-23 02:03:09,209 - __main__ - INFO - No updates to databases at 2024-08-23 02:03:09
2024-08-23 02:04:09,213 - __main__ - INFO - No updates to databases at 2024-08-23 02:04:09
2024-08-23 02:05:09,213 - __main__ - INFO - No updates to databases at 2024-08-23 02:05:09
2024-08-23 02:06:09,214 - __main__ - INFO - No updates to databases at 2024-08-23 02:06:09
2024-08-23 02:07:09,214 - __main__ - INFO - No updates to databases at 2024-08-23 02:07:09
2024-08-23 02:08:09,215 - __main__ - INFO - No updates to databases at 2024-08-23 02:08:09
2024-08-23 02:09:09,216 - __main__ - INFO - No updates to databases at 2024-08-23 02:09:09
2024-08-23 02:10:09,217 - __main__ - INFO - No updates to databases at 2024-08-23 02:10:09
2024-08-23 02:11:09,217 - __main__ - INFO - No updates to databases at 2024-08-23 02:11:09
2024-08-23 02:12:09,218 - __main__ - INFO - No updates to databases at 2024-08-23 02:12:09
2024-08-23 02:13:09,219 - __main__ - INFO - No updates to databases at 2024-08-23 02:13:09
2024-08-23 02:14:09,220 - __main__ - INFO - No updates to databases at 2024-08-23 02:14:09
2024-08-23 02:15:09,220 - __main__ - INFO - No updates to databases at 2024-08-23 02:15:09
2024-08-23 02:16:09,221 - __main__ - INFO - No updates to databases at 2024-08-23 02:16:09
2024-08-23 02:17:09,221 - __main__ - INFO - No updates to databases at 2024-08-23 02:17:09
2024-08-23 02:17:48,544 - __main__ - INFO - Got new liveTourneyIds: []
2024-08-23 02:17:48,545 - __main__ - INFO - No updates to databases at 2024-08-23 02:17:48
2024-08-23 02:18:48,545 - __main__ - INFO - No updates to databases at 2024-08-23 02:18:48
2024-08-23 02:19:48,546 - __main__ - INFO - No updates to databases at 2024-08-23 02:19:48
2024-08-23 02:20:48,547 - __main__ - INFO - No updates to databases at 2024-08-23 02:20:48
2024-08-23 02:21:48,547 - __main__ - INFO - No updates to databases at 2024-08-23 02:21:48
2024-08-23 02:22:48,549 - __main__ - INFO - No updates to databases at 2024-08-23 02:22:48
2024-08-23 02:23:48,550 - __main__ - INFO - No updates to databases at 2024-08-23 02:23:48
2024-08-23 02:24:48,550 - __main__ - INFO - No updates to databases at 2024-08-23 02:24:48
2024-08-23 02:25:48,551 - __main__ - INFO - No updates to databases at 2024-08-23 02:25:48
2024-08-23 02:26:48,551 - __main__ - INFO - No updates to databases at 2024-08-23 02:26:48
2024-08-23 02:27:48,552 - __main__ - INFO - No updates to databases at 2024-08-23 02:27:48
2024-08-23 02:28:48,553 - __main__ - INFO - No updates to databases at 2024-08-23 02:28:48
2024-08-23 02:29:48,553 - __main__ - INFO - No updates to databases at 2024-08-23 02:29:48
2024-08-23 02:30:48,554 - __main__ - INFO - No updates to databases at 2024-08-23 02:30:48
2024-08-23 02:31:48,554 - __main__ - INFO - No updates to databases at 2024-08-23 02:31:48
2024-08-23 02:32:48,555 - __main__ - INFO - No updates to databases at 2024-08-23 02:32:48
2024-08-23 02:33:48,556 - __main__ - INFO - No updates to databases at 2024-08-23 02:33:48
2024-08-23 02:34:48,556 - __main__ - INFO - No updates to databases at 2024-08-23 02:34:48
2024-08-23 02:35:48,557 - __main__ - INFO - No updates to databases at 2024-08-23 02:35:48
2024-08-23 02:36:48,557 - __main__ - INFO - No updates to databases at 2024-08-23 02:36:48
2024-08-23 02:37:48,558 - __main__ - INFO - No updates to databases at 2024-08-23 02:37:48
2024-08-23 02:38:48,558 - __main__ - INFO - No updates to databases at 2024-08-23 02:38:48
2024-08-23 02:39:48,559 - __main__ - INFO - No updates to databases at 2024-08-23 02:39:48
2024-08-23 02:40:48,560 - __main__ - INFO - No updates to databases at 2024-08-23 02:40:48
2024-08-23 02:41:48,560 - __main__ - INFO - No updates to databases at 2024-08-23 02:41:48
2024-08-23 02:42:48,561 - __main__ - INFO - No updates to databases at 2024-08-23 02:42:48
2024-08-23 02:43:48,561 - __main__ - INFO - No updates to databases at 2024-08-23 02:43:48
2024-08-23 02:44:48,562 - __main__ - INFO - No updates to databases at 2024-08-23 02:44:48
2024-08-23 02:45:48,563 - __main__ - INFO - No updates to databases at 2024-08-23 02:45:48
2024-08-23 02:46:48,564 - __main__ - INFO - No updates to databases at 2024-08-23 02:46:48
2024-08-23 02:47:48,564 - __main__ - INFO - No updates to databases at 2024-08-23 02:47:48
2024-08-23 02:48:48,565 - __main__ - INFO - No updates to databases at 2024-08-23 02:48:48
2024-08-23 02:49:48,565 - __main__ - INFO - No updates to databases at 2024-08-23 02:49:48
2024-08-23 02:50:48,566 - __main__ - INFO - No updates to databases at 2024-08-23 02:50:48
2024-08-23 02:51:48,567 - __main__ - INFO - No updates to databases at 2024-08-23 02:51:48
2024-08-23 02:52:48,567 - __main__ - INFO - No updates to databases at 2024-08-23 02:52:48
2024-08-23 02:53:48,568 - __main__ - INFO - No updates to databases at 2024-08-23 02:53:48
2024-08-23 02:54:48,569 - __main__ - INFO - No updates to databases at 2024-08-23 02:54:48
2024-08-23 02:55:48,569 - __main__ - INFO - No updates to databases at 2024-08-23 02:55:48
2024-08-23 02:56:48,570 - __main__ - INFO - No updates to databases at 2024-08-23 02:56:48
2024-08-23 02:57:48,570 - __main__ - INFO - No updates to databases at 2024-08-23 02:57:48
2024-08-23 02:58:48,571 - __main__ - INFO - No updates to databases at 2024-08-23 02:58:48
2024-08-23 02:59:48,572 - __main__ - INFO - No updates to databases at 2024-08-23 02:59:48
2024-08-23 03:00:48,572 - __main__ - INFO - No updates to databases at 2024-08-23 03:00:48
2024-08-23 03:01:48,573 - __main__ - INFO - No updates to databases at 2024-08-23 03:01:48
2024-08-23 03:02:48,573 - __main__ - INFO - No updates to databases at 2024-08-23 03:02:48
2024-08-23 03:03:48,574 - __main__ - INFO - No updates to databases at 2024-08-23 03:03:48
2024-08-23 03:04:48,575 - __main__ - INFO - No updates to databases at 2024-08-23 03:04:48
2024-08-23 03:05:48,575 - __main__ - INFO - No updates to databases at 2024-08-23 03:05:48
2024-08-23 03:06:48,576 - __main__ - INFO - No updates to databases at 2024-08-23 03:06:48
2024-08-23 03:07:48,577 - __main__ - INFO - No updates to databases at 2024-08-23 03:07:48
2024-08-23 03:08:48,577 - __main__ - INFO - No updates to databases at 2024-08-23 03:08:48
2024-08-23 03:09:48,578 - __main__ - INFO - No updates to databases at 2024-08-23 03:09:48
2024-08-23 03:10:48,579 - __main__ - INFO - No updates to databases at 2024-08-23 03:10:48
2024-08-23 03:11:48,579 - __main__ - INFO - No updates to databases at 2024-08-23 03:11:48
2024-08-23 03:12:48,580 - __main__ - INFO - No updates to databases at 2024-08-23 03:12:48
2024-08-23 03:13:48,580 - __main__ - INFO - No updates to databases at 2024-08-23 03:13:48
2024-08-23 03:14:48,581 - __main__ - INFO - No updates to databases at 2024-08-23 03:14:48
2024-08-23 03:15:48,582 - __main__ - INFO - No updates to databases at 2024-08-23 03:15:48
2024-08-23 03:16:48,582 - __main__ - INFO - No updates to databases at 2024-08-23 03:16:48
2024-08-23 03:17:48,593 - __main__ - INFO - Got new liveTourneyIds: []
2024-08-23 03:17:48,594 - __main__ - INFO - No updates to databases at 2024-08-23 03:17:48
2024-08-23 03:18:48,594 - __main__ - INFO - No updates to databases at 2024-08-23 03:18:48
2024-08-23 03:19:48,595 - __main__ - INFO - No updates to databases at 2024-08-23 03:19:48
2024-08-23 03:20:48,595 - __main__ - INFO - No updates to databases at 2024-08-23 03:20:48
2024-08-23 03:21:48,596 - __main__ - INFO - No updates to databases at 2024-08-23 03:21:48
2024-08-23 03:22:48,597 - __main__ - INFO - No updates to databases at 2024-08-23 03:22:48
2024-08-23 03:23:48,597 - __main__ - INFO - No updates to databases at 2024-08-23 03:23:48
2024-08-23 03:24:48,598 - __main__ - INFO - No updates to databases at 2024-08-23 03:24:48
2024-08-23 03:25:48,599 - __main__ - INFO - No updates to databases at 2024-08-23 03:25:48
2024-08-23 03:26:48,599 - __main__ - INFO - No updates to databases at 2024-08-23 03:26:48
2024-08-23 03:27:48,600 - __main__ - INFO - No updates to databases at 2024-08-23 03:27:48
2024-08-23 03:28:48,601 - __main__ - INFO - No updates to databases at 2024-08-23 03:28:48
2024-08-23 03:29:48,601 - __main__ - INFO - No updates to databases at 2024-08-23 03:29:48
2024-08-23 03:30:48,602 - __main__ - INFO - No updates to databases at 2024-08-23 03:30:48
2024-08-23 03:31:48,602 - __main__ - INFO - No updates to databases at 2024-08-23 03:31:48
2024-08-23 03:32:48,603 - __main__ - INFO - No updates to databases at 2024-08-23 03:32:48
2024-08-23 03:33:48,604 - __main__ - INFO - No updates to databases at 2024-08-23 03:33:48
2024-08-23 03:34:48,604 - __main__ - INFO - No updates to databases at 2024-08-23 03:34:48
2024-08-23 03:35:48,605 - __main__ - INFO - No updates to databases at 2024-08-23 03:35:48
2024-08-23 03:36:48,605 - __main__ - INFO - No updates to databases at 2024-08-23 03:36:48
2024-08-23 03:37:48,606 - __main__ - INFO - No updates to databases at 2024-08-23 03:37:48
2024-08-23 03:38:23,633 - __main__ - INFO - Got new liveTourneyIds: []
2024-08-23 03:38:23,633 - __main__ - INFO - No updates to databases at 2024-08-23 03:38:23
2024-08-23 03:39:23,633 - __main__ - INFO - No updates to databases at 2024-08-23 03:39:23
2024-08-23 03:40:23,634 - __main__ - INFO - No updates to databases at 2024-08-23 03:40:23
2024-08-23 03:41:23,634 - __main__ - INFO - No updates to databases at 2024-08-23 03:41:23
2024-08-23 03:42:23,635 - __main__ - INFO - No updates to databases at 2024-08-23 03:42:23
2024-08-23 03:43:23,636 - __main__ - INFO - No updates to databases at 2024-08-23 03:43:23
2024-08-23 03:44:23,636 - __main__ - INFO - No updates to databases at 2024-08-23 03:44:23
2024-08-23 03:45:23,637 - __main__ - INFO - No updates to databases at 2024-08-23 03:45:23
2024-08-23 03:46:23,638 - __main__ - INFO - No updates to databases at 2024-08-23 03:46:23
2024-08-23 03:47:23,638 - __main__ - INFO - No updates to databases at 2024-08-23 03:47:23
2024-08-23 03:48:23,639 - __main__ - INFO - No updates to databases at 2024-08-23 03:48:23
2024-08-23 03:49:23,639 - __main__ - INFO - No updates to databases at 2024-08-23 03:49:23
2024-08-23 03:50:23,640 - __main__ - INFO - No updates to databases at 2024-08-23 03:50:23
2024-08-23 03:51:23,640 - __main__ - INFO - No updates to databases at 2024-08-23 03:51:23
2024-08-23 03:52:23,641 - __main__ - INFO - No updates to databases at 2024-08-23 03:52:23
2024-08-23 03:53:23,642 - __main__ - INFO - No updates to databases at 2024-08-23 03:53:23
2024-08-23 03:54:23,642 - __main__ - INFO - No updates to databases at 2024-08-23 03:54:23
2024-08-23 03:55:23,643 - __main__ - INFO - No updates to databases at 2024-08-23 03:55:23
2024-08-23 03:56:23,644 - __main__ - INFO - No updates to databases at 2024-08-23 03:56:23
2024-08-23 03:57:23,644 - __main__ - INFO - No updates to databases at 2024-08-23 03:57:23
2024-08-23 03:58:23,645 - __main__ - INFO - No updates to databases at 2024-08-23 03:58:23
2024-08-23 03:59:23,646 - __main__ - INFO - No updates to databases at 2024-08-23 03:59:23
2024-08-23 04:00:23,646 - __main__ - INFO - No updates to databases at 2024-08-23 04:00:23
2024-08-23 04:01:23,647 - __main__ - INFO - No updates to databases at 2024-08-23 04:01:23
2024-08-23 04:02:23,647 - __main__ - INFO - No updates to databases at 2024-08-23 04:02:23
2024-08-23 04:03:23,648 - __main__ - INFO - No updates to databases at 2024-08-23 04:03:23
2024-08-23 04:04:23,649 - __main__ - INFO - No updates to databases at 2024-08-23 04:04:23
2024-08-23 04:05:23,649 - __main__ - INFO - No updates to databases at 2024-08-23 04:05:23
2024-08-23 04:06:23,650 - __main__ - INFO - No updates to databases at 2024-08-23 04:06:23
2024-08-23 04:07:23,651 - __main__ - INFO - No updates to databases at 2024-08-23 04:07:23
2024-08-23 04:08:23,651 - __main__ - INFO - No updates to databases at 2024-08-23 04:08:23
2024-08-23 04:09:23,652 - __main__ - INFO - No updates to databases at 2024-08-23 04:09:23
2024-08-23 04:10:23,653 - __main__ - INFO - No updates to databases at 2024-08-23 04:10:23
2024-08-23 04:11:23,653 - __main__ - INFO - No updates to databases at 2024-08-23 04:11:23
2024-08-23 04:12:23,654 - __main__ - INFO - No updates to databases at 2024-08-23 04:12:23
2024-08-23 04:13:23,654 - __main__ - INFO - No updates to databases at 2024-08-23 04:13:23
2024-08-23 04:14:23,655 - __main__ - INFO - No updates to databases at 2024-08-23 04:14:23
2024-08-23 04:15:23,656 - __main__ - INFO - No updates to databases at 2024-08-23 04:15:23
2024-08-23 04:16:23,656 - __main__ - INFO - No updates to databases at 2024-08-23 04:16:23
2024-08-23 04:17:23,657 - __main__ - INFO - No updates to databases at 2024-08-23 04:17:23
2024-08-23 04:18:23,658 - __main__ - INFO - No updates to databases at 2024-08-23 04:18:23
2024-08-23 04:19:23,658 - __main__ - INFO - No updates to databases at 2024-08-23 04:19:23
2024-08-23 04:20:23,659 - __main__ - INFO - No updates to databases at 2024-08-23 04:20:23
2024-08-23 05:10:57,385 - __main__ - INFO - Got new liveTourneyIds: [95128873]
2024-08-23 05:10:57,467 - __main__ - INFO - No updates to databases at 2024-08-23 05:10:57
2024-08-23 05:11:57,496 - __main__ - INFO - No updates to databases at 2024-08-23 05:11:57
2024-08-23 05:12:57,521 - __main__ - INFO - No updates to databases at 2024-08-23 05:12:57
2024-08-23 05:13:57,557 - __main__ - INFO - No updates to databases at 2024-08-23 05:13:57
2024-08-23 05:14:57,586 - __main__ - INFO - No updates to databases at 2024-08-23 05:14:57
2024-08-23 05:15:57,616 - __main__ - INFO - No updates to databases at 2024-08-23 05:15:57
2024-08-23 05:16:57,645 - __main__ - INFO - No updates to databases at 2024-08-23 05:16:57
2024-08-23 05:17:57,672 - __main__ - INFO - No updates to databases at 2024-08-23 05:17:57
2024-08-23 05:18:57,697 - __main__ - INFO - No updates to databases at 2024-08-23 05:18:57
2024-08-23 05:19:57,721 - __main__ - INFO - No updates to databases at 2024-08-23 05:19:57
2024-08-23 05:20:57,811 - __main__ - INFO - No updates to databases at 2024-08-23 05:20:57
2024-08-23 05:21:57,835 - __main__ - INFO - No updates to databases at 2024-08-23 05:21:57
2024-08-23 05:22:57,857 - __main__ - INFO - No updates to databases at 2024-08-23 05:22:57
2024-08-23 05:23:57,878 - __main__ - INFO - No updates to databases at 2024-08-23 05:23:57
2024-08-23 05:24:57,901 - __main__ - INFO - No updates to databases at 2024-08-23 05:24:57
2024-08-23 05:25:57,933 - __main__ - INFO - No updates to databases at 2024-08-23 05:25:57
2024-08-23 05:26:57,955 - __main__ - INFO - No updates to databases at 2024-08-23 05:26:57
2024-08-23 05:27:57,978 - __main__ - INFO - No updates to databases at 2024-08-23 05:27:57
2024-08-23 05:28:57,998 - __main__ - INFO - No updates to databases at 2024-08-23 05:28:57
2024-08-23 05:29:58,021 - __main__ - INFO - No updates to databases at 2024-08-23 05:29:58
2024-08-23 05:30:58,052 - __main__ - INFO - No updates to databases at 2024-08-23 05:30:58
2024-08-23 05:31:58,076 - __main__ - INFO - No updates to databases at 2024-08-23 05:31:58
2024-08-23 05:32:58,099 - __main__ - INFO - No updates to databases at 2024-08-23 05:32:58
2024-08-23 05:33:58,128 - __main__ - INFO - No updates to databases at 2024-08-23 05:33:58
2024-08-23 05:34:58,153 - __main__ - INFO - No updates to databases at 2024-08-23 05:34:58
2024-08-23 05:35:58,181 - __main__ - INFO - No updates to databases at 2024-08-23 05:35:58
2024-08-23 05:36:58,210 - __main__ - INFO - No updates to databases at 2024-08-23 05:36:58
2024-08-23 05:37:58,234 - __main__ - INFO - No updates to databases at 2024-08-23 05:37:58
2024-08-23 05:38:58,257 - __main__ - INFO - No updates to databases at 2024-08-23 05:38:58
2024-08-23 05:39:58,281 - __main__ - INFO - No updates to databases at 2024-08-23 05:39:58
2024-08-23 05:40:58,300 - __main__ - INFO - No updates to databases at 2024-08-23 05:40:58
2024-08-23 05:41:58,323 - __main__ - INFO - No updates to databases at 2024-08-23 05:41:58
2024-08-23 05:42:58,355 - __main__ - INFO - No updates to databases at 2024-08-23 05:42:58
2024-08-23 05:43:58,378 - __main__ - INFO - No updates to databases at 2024-08-23 05:43:58
2024-08-23 05:44:58,398 - __main__ - INFO - No updates to databases at 2024-08-23 05:44:58
2024-08-23 05:45:58,420 - __main__ - INFO - No updates to databases at 2024-08-23 05:45:58
2024-08-23 05:46:58,442 - __main__ - INFO - No updates to databases at 2024-08-23 05:46:58
2024-08-23 05:47:58,466 - __main__ - INFO - No updates to databases at 2024-08-23 05:47:58
2024-08-23 05:48:58,493 - __main__ - INFO - No updates to databases at 2024-08-23 05:48:58
2024-08-23 05:49:58,515 - __main__ - INFO - No updates to databases at 2024-08-23 05:49:58
2024-08-23 05:50:58,538 - __main__ - INFO - No updates to databases at 2024-08-23 05:50:58
2024-08-23 05:51:58,558 - __main__ - INFO - No updates to databases at 2024-08-23 05:51:58
2024-08-23 05:52:58,580 - __main__ - INFO - No updates to databases at 2024-08-23 05:52:58
2024-08-23 05:53:58,603 - __main__ - INFO - No updates to databases at 2024-08-23 05:53:58
2024-08-23 05:54:58,649 - __main__ - INFO - No updates to databases at 2024-08-23 05:54:58
2024-08-23 05:55:58,670 - __main__ - INFO - No updates to databases at 2024-08-23 05:55:58
2024-08-23 05:56:58,693 - __main__ - INFO - No updates to databases at 2024-08-23 05:56:58
2024-08-23 05:57:58,717 - __main__ - INFO - No updates to databases at 2024-08-23 05:57:58
2024-08-23 05:58:58,738 - __main__ - INFO - No updates to databases at 2024-08-23 05:58:58
2024-08-23 05:59:58,757 - __main__ - INFO - No updates to databases at 2024-08-23 05:59:58
2024-08-23 06:00:58,782 - __main__ - INFO - No updates to databases at 2024-08-23 06:00:58
2024-08-23 06:01:58,806 - __main__ - INFO - No updates to databases at 2024-08-23 06:01:58
2024-08-23 06:02:58,832 - __main__ - INFO - No updates to databases at 2024-08-23 06:02:58
2024-08-23 06:03:58,858 - __main__ - INFO - No updates to databases at 2024-08-23 06:03:58
2024-08-23 06:04:58,880 - __main__ - INFO - No updates to databases at 2024-08-23 06:04:58
2024-08-23 06:05:58,903 - __main__ - INFO - No updates to databases at 2024-08-23 06:05:58
2024-08-23 06:06:58,929 - __main__ - INFO - No updates to databases at 2024-08-23 06:06:58
2024-08-23 06:07:58,949 - __main__ - INFO - No updates to databases at 2024-08-23 06:07:58
2024-08-23 06:08:58,972 - __main__ - INFO - No updates to databases at 2024-08-23 06:08:58
2024-08-23 06:09:58,993 - __main__ - INFO - No updates to databases at 2024-08-23 06:09:58
2024-08-23 06:10:59,004 - __main__ - INFO - Got new liveTourneyIds: [95128873]
2024-08-23 06:10:59,026 - __main__ - INFO - No updates to databases at 2024-08-23 06:10:59
2024-08-23 06:11:59,047 - __main__ - INFO - No updates to databases at 2024-08-23 06:11:59
2024-08-23 06:12:59,069 - __main__ - INFO - No updates to databases at 2024-08-23 06:12:59
2024-08-23 06:13:43,376 - __main__ - INFO - An unexpected error occurred: HTTPConnectionPool(host='127.0.0.1', port=8080): Max retries exceeded with url: /tournaments/?live=true (Caused by NewConnectionError('<urllib3.connection.HTTPConnection object at 0x7caf0568b9a0>: Failed to establish a new connection: [Errno 111] Connection refused'))
2024-08-23 06:13:43,376 - __main__ - INFO - No updates to databases at 2024-08-23 06:13:43
2024-08-23 06:14:43,377 - __main__ - INFO - No updates to databases at 2024-08-23 06:14:43
2024-08-23 06:15:43,378 - __main__ - INFO - No updates to databases at 2024-08-23 06:15:43
2024-08-23 06:16:43,378 - __main__ - INFO - No updates to databases at 2024-08-23 06:16:43
2024-08-23 06:17:43,379 - __main__ - INFO - No updates to databases at 2024-08-23 06:17:43
2024-08-23 06:18:43,379 - __main__ - INFO - No updates to databases at 2024-08-23 06:18:43
2024-08-23 06:19:43,380 - __main__ - INFO - No updates to databases at 2024-08-23 06:19:43
2024-08-23 06:20:43,380 - __main__ - INFO - No updates to databases at 2024-08-23 06:20:43
2024-08-23 06:21:43,381 - __main__ - INFO - No updates to databases at 2024-08-23 06:21:43
2024-08-23 06:22:43,382 - __main__ - INFO - No updates to databases at 2024-08-23 06:22:43
2024-08-23 06:23:43,382 - __main__ - INFO - No updates to databases at 2024-08-23 06:23:43
2024-08-23 06:24:43,383 - __main__ - INFO - No updates to databases at 2024-08-23 06:24:43
2024-08-23 06:25:43,383 - __main__ - INFO - No updates to databases at 2024-08-23 06:25:43
2024-08-23 06:26:43,384 - __main__ - INFO - No updates to databases at 2024-08-23 06:26:43
2024-08-23 06:27:43,384 - __main__ - INFO - No updates to databases at 2024-08-23 06:27:43
2024-08-23 06:28:43,385 - __main__ - INFO - No updates to databases at 2024-08-23 06:28:43
2024-08-23 06:29:43,386 - __main__ - INFO - No updates to databases at 2024-08-23 06:29:43
2024-08-23 06:30:43,386 - __main__ - INFO - No updates to databases at 2024-08-23 06:30:43
2024-08-23 06:31:43,387 - __main__ - INFO - No updates to databases at 2024-08-23 06:31:43
2024-08-23 06:32:43,388 - __main__ - INFO - No updates to databases at 2024-08-23 06:32:43
2024-08-23 06:33:43,388 - __main__ - INFO - No updates to databases at 2024-08-23 06:33:43
2024-08-23 06:34:43,389 - __main__ - INFO - No updates to databases at 2024-08-23 06:34:43
2024-08-23 06:35:43,389 - __main__ - INFO - No updates to databases at 2024-08-23 06:35:43
2024-08-23 06:36:43,390 - __main__ - INFO - No updates to databases at 2024-08-23 06:36:43
2024-08-23 06:37:43,391 - __main__ - INFO - No updates to databases at 2024-08-23 06:37:43
2024-08-23 06:38:43,391 - __main__ - INFO - No updates to databases at 2024-08-23 06:38:43
2024-08-23 06:39:43,392 - __main__ - INFO - No updates to databases at 2024-08-23 06:39:43
2024-08-23 06:40:43,393 - __main__ - INFO - No updates to databases at 2024-08-23 06:40:43
2024-08-23 06:41:43,393 - __main__ - INFO - No updates to databases at 2024-08-23 06:41:43
2024-08-23 06:42:43,394 - __main__ - INFO - No updates to databases at 2024-08-23 06:42:43
2024-08-23 06:43:43,395 - __main__ - INFO - No updates to databases at 2024-08-23 06:43:43
2024-08-23 06:44:43,395 - __main__ - INFO - No updates to databases at 2024-08-23 06:44:43
2024-08-23 06:45:43,396 - __main__ - INFO - No updates to databases at 2024-08-23 06:45:43
2024-08-23 06:46:43,396 - __main__ - INFO - No updates to databases at 2024-08-23 06:46:43
2024-08-23 06:47:43,397 - __main__ - INFO - No updates to databases at 2024-08-23 06:47:43
2024-08-23 06:48:43,398 - __main__ - INFO - No updates to databases at 2024-08-23 06:48:43
2024-08-23 06:49:43,398 - __main__ - INFO - No updates to databases at 2024-08-23 06:49:43
2024-08-23 06:50:43,399 - __main__ - INFO - No updates to databases at 2024-08-23 06:50:43
2024-08-23 06:51:43,400 - __main__ - INFO - No updates to databases at 2024-08-23 06:51:43
2024-08-23 06:52:43,400 - __main__ - INFO - No updates to databases at 2024-08-23 06:52:43
2024-08-23 06:53:43,401 - __main__ - INFO - No updates to databases at 2024-08-23 06:53:43
2024-08-23 06:54:43,402 - __main__ - INFO - No updates to databases at 2024-08-23 06:54:43
2024-08-23 06:55:43,403 - __main__ - INFO - No updates to databases at 2024-08-23 06:55:43
2024-08-23 06:56:43,403 - __main__ - INFO - No updates to databases at 2024-08-23 06:56:43
2024-08-23 06:57:43,404 - __main__ - INFO - No updates to databases at 2024-08-23 06:57:43
2024-08-23 06:58:43,405 - __main__ - INFO - No updates to databases at 2024-08-23 06:58:43
2024-08-23 06:59:43,405 - __main__ - INFO - No updates to databases at 2024-08-23 06:59:43
2024-08-23 07:00:43,406 - __main__ - INFO - No updates to databases at 2024-08-23 07:00:43
2024-08-23 07:01:43,406 - __main__ - INFO - No updates to databases at 2024-08-23 07:01:43
2024-08-23 07:02:43,407 - __main__ - INFO - No updates to databases at 2024-08-23 07:02:43
2024-08-23 07:03:43,408 - __main__ - INFO - No updates to databases at 2024-08-23 07:03:43
2024-08-23 07:04:43,408 - __main__ - INFO - No updates to databases at 2024-08-23 07:04:43
2024-08-23 07:05:43,409 - __main__ - INFO - No updates to databases at 2024-08-23 07:05:43
2024-08-23 07:06:43,409 - __main__ - INFO - No updates to databases at 2024-08-23 07:06:43
2024-08-23 07:07:43,410 - __main__ - INFO - No updates to databases at 2024-08-23 07:07:43
2024-08-23 07:08:43,411 - __main__ - INFO - No updates to databases at 2024-08-23 07:08:43
2024-08-23 07:09:43,411 - __main__ - INFO - No updates to databases at 2024-08-23 07:09:43
2024-08-23 07:10:43,412 - __main__ - INFO - No updates to databases at 2024-08-23 07:10:43
2024-08-23 07:11:43,412 - __main__ - INFO - No updates to databases at 2024-08-23 07:11:43
2024-08-23 07:12:43,413 - __main__ - INFO - No updates to databases at 2024-08-23 07:12:43
2024-08-23 07:13:43,426 - __main__ - INFO - Got new liveTourneyIds: [95128873]
2024-08-23 07:13:43,493 - __main__ - INFO - No updates to databases at 2024-08-23 07:13:43
2024-08-23 07:14:43,516 - __main__ - INFO - No updates to databases at 2024-08-23 07:14:43
2024-08-23 07:15:43,539 - __main__ - INFO - No updates to databases at 2024-08-23 07:15:43
2024-08-23 07:16:43,570 - __main__ - INFO - No updates to databases at 2024-08-23 07:16:43
2024-08-23 07:17:43,591 - __main__ - INFO - No updates to databases at 2024-08-23 07:17:43
2024-08-23 07:18:43,612 - __main__ - INFO - No updates to databases at 2024-08-23 07:18:43
2024-08-23 07:19:43,638 - __main__ - INFO - No updates to databases at 2024-08-23 07:19:43
2024-08-23 07:20:43,665 - __main__ - INFO - No updates to databases at 2024-08-23 07:20:43
2024-08-23 07:21:43,690 - __main__ - INFO - No updates to databases at 2024-08-23 07:21:43
2024-08-23 07:22:43,767 - __main__ - INFO - No updates to databases at 2024-08-23 07:22:43
2024-08-23 07:23:43,789 - __main__ - INFO - No updates to databases at 2024-08-23 07:23:43
2024-08-23 07:24:43,820 - __main__ - INFO - No updates to databases at 2024-08-23 07:24:43
2024-08-23 07:25:43,845 - __main__ - INFO - No updates to databases at 2024-08-23 07:25:43
2024-08-23 07:26:43,873 - __main__ - INFO - No updates to databases at 2024-08-23 07:26:43
2024-08-23 07:27:43,895 - __main__ - INFO - No updates to databases at 2024-08-23 07:27:43
2024-08-23 07:28:43,919 - __main__ - INFO - No updates to databases at 2024-08-23 07:28:43
2024-08-23 07:29:43,946 - __main__ - INFO - No updates to databases at 2024-08-23 07:29:43
2024-08-23 07:30:43,971 - __main__ - INFO - No updates to databases at 2024-08-23 07:30:43
2024-08-23 07:31:43,997 - __main__ - INFO - No updates to databases at 2024-08-23 07:31:43
2024-08-23 07:32:44,027 - __main__ - INFO - No updates to databases at 2024-08-23 07:32:44
2024-08-23 07:33:44,049 - __main__ - INFO - No updates to databases at 2024-08-23 07:33:44
2024-08-23 07:34:44,070 - __main__ - INFO - No updates to databases at 2024-08-23 07:34:44
2024-08-23 07:35:44,096 - __main__ - INFO - No updates to databases at 2024-08-23 07:35:44
2024-08-23 07:36:44,127 - __main__ - INFO - No updates to databases at 2024-08-23 07:36:44
2024-08-23 07:37:44,148 - __main__ - INFO - No updates to databases at 2024-08-23 07:37:44
2024-08-23 07:38:44,171 - __main__ - INFO - No updates to databases at 2024-08-23 07:38:44
2024-08-23 07:39:44,194 - __main__ - INFO - No updates to databases at 2024-08-23 07:39:44
2024-08-23 07:40:44,229 - __main__ - INFO - No updates to databases at 2024-08-23 07:40:44
2024-08-23 07:41:44,252 - __main__ - INFO - No updates to databases at 2024-08-23 07:41:44
2024-08-23 07:42:44,276 - __main__ - INFO - No updates to databases at 2024-08-23 07:42:44
2024-08-23 07:43:44,297 - __main__ - INFO - No updates to databases at 2024-08-23 07:43:44
2024-08-23 07:44:44,325 - __main__ - INFO - No updates to databases at 2024-08-23 07:44:44
2024-08-23 07:45:44,350 - __main__ - INFO - No updates to databases at 2024-08-23 07:45:44
2024-08-23 07:46:44,372 - __main__ - INFO - No updates to databases at 2024-08-23 07:46:44
2024-08-23 07:47:44,403 - __main__ - INFO - No updates to databases at 2024-08-23 07:47:44
2024-08-23 07:48:44,427 - __main__ - INFO - No updates to databases at 2024-08-23 07:48:44
2024-08-23 07:49:44,451 - __main__ - INFO - No updates to databases at 2024-08-23 07:49:44
2024-08-23 07:50:44,474 - __main__ - INFO - No updates to databases at 2024-08-23 07:50:44
2024-08-23 07:51:44,498 - __main__ - INFO - No updates to databases at 2024-08-23 07:51:44
2024-08-23 07:52:44,520 - __main__ - INFO - No updates to databases at 2024-08-23 07:52:44
2024-08-23 07:53:44,549 - __main__ - INFO - No updates to databases at 2024-08-23 07:53:44
2024-08-23 07:54:44,576 - __main__ - INFO - No updates to databases at 2024-08-23 07:54:44
2024-08-23 07:55:44,599 - __main__ - INFO - No updates to databases at 2024-08-23 07:55:44
2024-08-23 07:56:44,628 - __main__ - INFO - No updates to databases at 2024-08-23 07:56:44
2024-08-23 07:57:44,653 - __main__ - INFO - No updates to databases at 2024-08-23 07:57:44
2024-08-23 07:58:44,676 - __main__ - INFO - No updates to databases at 2024-08-23 07:58:44
2024-08-23 07:59:44,698 - __main__ - INFO - No updates to databases at 2024-08-23 07:59:44
2024-08-23 08:00:44,722 - __main__ - INFO - No updates to databases at 2024-08-23 08:00:44
2024-08-23 08:01:44,753 - __main__ - INFO - No updates to databases at 2024-08-23 08:01:44
2024-08-23 08:02:44,776 - __main__ - INFO - No updates to databases at 2024-08-23 08:02:44
2024-08-23 08:03:44,802 - __main__ - INFO - No updates to databases at 2024-08-23 08:03:44
2024-08-23 08:04:44,826 - __main__ - INFO - No updates to databases at 2024-08-23 08:04:44
2024-08-23 08:05:44,858 - __main__ - INFO - No updates to databases at 2024-08-23 08:05:44
2024-08-23 08:06:44,883 - __main__ - INFO - No updates to databases at 2024-08-23 08:06:44
2024-08-23 08:07:44,906 - __main__ - INFO - No updates to databases at 2024-08-23 08:07:44
2024-08-23 08:08:44,936 - __main__ - INFO - No updates to databases at 2024-08-23 08:08:44
2024-08-23 08:09:44,959 - __main__ - INFO - No updates to databases at 2024-08-23 08:09:44
2024-08-23 08:10:44,987 - __main__ - INFO - No updates to databases at 2024-08-23 08:10:44
2024-08-23 08:11:45,011 - __main__ - INFO - No updates to databases at 2024-08-23 08:11:45
2024-08-23 08:12:45,039 - __main__ - INFO - No updates to databases at 2024-08-23 08:12:45
2024-08-23 08:13:45,050 - __main__ - INFO - Got new liveTourneyIds: [95128873]
2024-08-23 08:13:45,072 - __main__ - INFO - No updates to databases at 2024-08-23 08:13:45
2024-08-23 08:14:45,102 - __main__ - INFO - No updates to databases at 2024-08-23 08:14:45
2024-08-23 08:15:45,127 - __main__ - INFO - No updates to databases at 2024-08-23 08:15:45
2024-08-23 08:16:45,152 - __main__ - INFO - No updates to databases at 2024-08-23 08:16:45
2024-08-23 08:17:45,176 - __main__ - INFO - No updates to databases at 2024-08-23 08:17:45
2024-08-23 08:18:45,199 - __main__ - INFO - No updates to databases at 2024-08-23 08:18:45
2024-08-23 08:19:45,233 - __main__ - INFO - No updates to databases at 2024-08-23 08:19:45
2024-08-23 08:20:45,260 - __main__ - INFO - No updates to databases at 2024-08-23 08:20:45
2024-08-23 08:21:45,286 - __main__ - INFO - No updates to databases at 2024-08-23 08:21:45
2024-08-23 08:22:45,308 - __main__ - INFO - No updates to databases at 2024-08-23 08:22:45
2024-08-23 08:23:45,333 - __main__ - INFO - No updates to databases at 2024-08-23 08:23:45
2024-08-23 08:24:45,357 - __main__ - INFO - No updates to databases at 2024-08-23 08:24:45
2024-08-23 08:25:45,379 - __main__ - INFO - No updates to databases at 2024-08-23 08:25:45
2024-08-23 08:26:45,408 - __main__ - INFO - No updates to databases at 2024-08-23 08:26:45
2024-08-23 08:27:45,431 - __main__ - INFO - No updates to databases at 2024-08-23 08:27:45
2024-08-23 08:28:45,454 - __main__ - INFO - No updates to databases at 2024-08-23 08:28:45
2024-08-23 08:29:45,486 - __main__ - INFO - No updates to databases at 2024-08-23 08:29:45
2024-08-23 08:30:45,510 - __main__ - INFO - No updates to databases at 2024-08-23 08:30:45
2024-08-23 08:31:45,537 - __main__ - INFO - No updates to databases at 2024-08-23 08:31:45
2024-08-23 08:32:45,573 - __main__ - INFO - No updates to databases at 2024-08-23 08:32:45
2024-08-23 08:33:45,596 - __main__ - INFO - No updates to databases at 2024-08-23 08:33:45
2024-08-23 08:34:45,620 - __main__ - INFO - No updates to databases at 2024-08-23 08:34:45
2024-08-23 08:35:45,640 - __main__ - INFO - No updates to databases at 2024-08-23 08:35:45
2024-08-23 08:36:45,661 - __main__ - INFO - No updates to databases at 2024-08-23 08:36:45
2024-08-23 08:37:45,684 - __main__ - INFO - No updates to databases at 2024-08-23 08:37:45
2024-08-23 08:38:45,710 - __main__ - INFO - No updates to databases at 2024-08-23 08:38:45
2024-08-23 08:39:45,735 - __main__ - INFO - No updates to databases at 2024-08-23 08:39:45
2024-08-23 08:40:45,760 - __main__ - INFO - No updates to databases at 2024-08-23 08:40:45
2024-08-23 08:41:45,784 - __main__ - INFO - No updates to databases at 2024-08-23 08:41:45
2024-08-23 08:42:45,806 - __main__ - INFO - No updates to databases at 2024-08-23 08:42:45
2024-08-23 08:43:45,829 - __main__ - INFO - No updates to databases at 2024-08-23 08:43:45
2024-08-23 08:44:45,860 - __main__ - INFO - No updates to databases at 2024-08-23 08:44:45
2024-08-23 08:45:45,883 - __main__ - INFO - No updates to databases at 2024-08-23 08:45:45
2024-08-23 08:46:45,908 - __main__ - INFO - No updates to databases at 2024-08-23 08:46:45
2024-08-23 08:47:45,932 - __main__ - INFO - No updates to databases at 2024-08-23 08:47:45
2024-08-23 08:48:45,951 - __main__ - INFO - No updates to databases at 2024-08-23 08:48:45
2024-08-23 08:49:45,978 - __main__ - INFO - No updates to databases at 2024-08-23 08:49:45
2024-08-23 08:50:46,019 - __main__ - INFO - No updates to databases at 2024-08-23 08:50:46
2024-08-23 08:51:46,047 - __main__ - INFO - No updates to databases at 2024-08-23 08:51:46
2024-08-23 08:52:46,068 - __main__ - INFO - No updates to databases at 2024-08-23 08:52:46
2024-08-23 08:53:46,089 - __main__ - INFO - No updates to databases at 2024-08-23 08:53:46
2024-08-23 08:54:46,124 - __main__ - INFO - No updates to databases at 2024-08-23 08:54:46
2024-08-23 08:55:46,150 - __main__ - INFO - No updates to databases at 2024-08-23 08:55:46
2024-08-23 08:56:46,179 - __main__ - INFO - No updates to databases at 2024-08-23 08:56:46
2024-08-23 08:57:46,209 - __main__ - INFO - No updates to databases at 2024-08-23 08:57:46
2024-08-23 08:58:46,231 - __main__ - INFO - No updates to databases at 2024-08-23 08:58:46
2024-08-23 08:59:46,257 - __main__ - INFO - No updates to databases at 2024-08-23 08:59:46
2024-08-23 09:00:46,281 - __main__ - INFO - No updates to databases at 2024-08-23 09:00:46
2024-08-23 09:01:46,308 - __main__ - INFO - No updates to databases at 2024-08-23 09:01:46
2024-08-23 09:02:46,330 - __main__ - INFO - No updates to databases at 2024-08-23 09:02:46
2024-08-23 09:03:46,356 - __main__ - INFO - No updates to databases at 2024-08-23 09:03:46
2024-08-23 09:04:46,379 - __main__ - INFO - No updates to databases at 2024-08-23 09:04:46
2024-08-23 09:05:46,401 - __main__ - INFO - No updates to databases at 2024-08-23 09:05:46
2024-08-23 09:06:46,432 - __main__ - INFO - No updates to databases at 2024-08-23 09:06:46
2024-08-23 09:07:46,455 - __main__ - INFO - No updates to databases at 2024-08-23 09:07:46
2024-08-23 09:08:46,482 - __main__ - INFO - No updates to databases at 2024-08-23 09:08:46
2024-08-23 09:09:46,509 - __main__ - INFO - No updates to databases at 2024-08-23 09:09:46
2024-08-23 09:10:46,532 - __main__ - INFO - No updates to databases at 2024-08-23 09:10:46
2024-08-23 09:11:46,556 - __main__ - INFO - No updates to databases at 2024-08-23 09:11:46
2024-08-23 09:12:46,581 - __main__ - INFO - No updates to databases at 2024-08-23 09:12:46
2024-08-23 09:13:46,592 - __main__ - INFO - Got new liveTourneyIds: [95128873]
2024-08-23 09:13:46,614 - __main__ - INFO - No updates to databases at 2024-08-23 09:13:46
2024-08-23 09:14:46,640 - __main__ - INFO - No updates to databases at 2024-08-23 09:14:46
2024-08-23 09:15:46,661 - __main__ - INFO - No updates to databases at 2024-08-23 09:15:46
2024-08-23 09:16:46,682 - __main__ - INFO - No updates to databases at 2024-08-23 09:16:46
2024-08-23 09:17:46,709 - __main__ - INFO - No updates to databases at 2024-08-23 09:17:46
2024-08-23 09:18:46,732 - __main__ - INFO - No updates to databases at 2024-08-23 09:18:46
2024-08-23 09:19:46,754 - __main__ - INFO - No updates to databases at 2024-08-23 09:19:46
2024-08-23 09:20:46,781 - __main__ - INFO - No updates to databases at 2024-08-23 09:20:46
2024-08-23 09:21:46,802 - __main__ - INFO - No updates to databases at 2024-08-23 09:21:46
2024-08-23 09:22:46,828 - __main__ - INFO - No updates to databases at 2024-08-23 09:22:46
2024-08-23 09:23:46,851 - __main__ - INFO - No updates to databases at 2024-08-23 09:23:46
2024-08-23 09:24:46,875 - __main__ - INFO - No updates to databases at 2024-08-23 09:24:46
2024-08-23 09:25:46,897 - __main__ - INFO - No updates to databases at 2024-08-23 09:25:46
2024-08-23 09:26:46,924 - __main__ - INFO - No updates to databases at 2024-08-23 09:26:46
2024-08-23 09:27:46,946 - __main__ - INFO - No updates to databases at 2024-08-23 09:27:46
2024-08-23 09:28:46,971 - __main__ - INFO - No updates to databases at 2024-08-23 09:28:46
2024-08-23 09:29:46,999 - __main__ - INFO - No updates to databases at 2024-08-23 09:29:46
2024-08-23 09:30:47,025 - __main__ - INFO - No updates to databases at 2024-08-23 09:30:47
2024-08-23 09:31:47,050 - __main__ - INFO - No updates to databases at 2024-08-23 09:31:47
2024-08-23 09:32:47,075 - __main__ - INFO - No updates to databases at 2024-08-23 09:32:47
2024-08-23 09:33:47,101 - __main__ - INFO - No updates to databases at 2024-08-23 09:33:47
2024-08-23 09:34:47,121 - __main__ - INFO - No updates to databases at 2024-08-23 09:34:47
2024-08-23 09:35:47,146 - __main__ - INFO - No updates to databases at 2024-08-23 09:35:47
2024-08-23 09:36:47,170 - __main__ - INFO - No updates to databases at 2024-08-23 09:36:47
2024-08-23 09:37:47,195 - __main__ - INFO - No updates to databases at 2024-08-23 09:37:47
2024-08-23 09:38:47,226 - __main__ - INFO - No updates to databases at 2024-08-23 09:38:47
2024-08-23 09:39:47,248 - __main__ - INFO - No updates to databases at 2024-08-23 09:39:47
2024-08-23 09:40:47,274 - __main__ - INFO - No updates to databases at 2024-08-23 09:40:47
2024-08-23 09:41:47,303 - __main__ - INFO - No updates to databases at 2024-08-23 09:41:47
2024-08-23 09:42:47,328 - __main__ - INFO - No updates to databases at 2024-08-23 09:42:47
2024-08-23 09:43:47,360 - __main__ - INFO - No updates to databases at 2024-08-23 09:43:47
2024-08-23 09:44:47,395 - __main__ - INFO - No updates to databases at 2024-08-23 09:44:47
2024-08-23 09:45:47,419 - __main__ - INFO - No updates to databases at 2024-08-23 09:45:47
2024-08-23 09:46:47,445 - __main__ - INFO - No updates to databases at 2024-08-23 09:46:47
2024-08-23 09:47:47,468 - __main__ - INFO - No updates to databases at 2024-08-23 09:47:47
2024-08-23 09:48:47,494 - __main__ - INFO - No updates to databases at 2024-08-23 09:48:47
2024-08-23 09:49:47,519 - __main__ - INFO - No updates to databases at 2024-08-23 09:49:47
2024-08-23 09:50:47,545 - __main__ - INFO - No updates to databases at 2024-08-23 09:50:47
2024-08-23 09:51:47,569 - __main__ - INFO - No updates to databases at 2024-08-23 09:51:47
2024-08-23 09:52:47,597 - __main__ - INFO - No updates to databases at 2024-08-23 09:52:47
2024-08-23 09:53:47,636 - __main__ - INFO - No updates to databases at 2024-08-23 09:53:47
2024-08-23 09:54:47,659 - __main__ - INFO - No updates to databases at 2024-08-23 09:54:47
2024-08-23 09:55:47,686 - __main__ - INFO - No updates to databases at 2024-08-23 09:55:47
2024-08-23 09:56:47,715 - __main__ - INFO - No updates to databases at 2024-08-23 09:56:47
2024-08-23 09:57:47,744 - __main__ - INFO - No updates to databases at 2024-08-23 09:57:47
2024-08-23 09:58:47,769 - __main__ - INFO - No updates to databases at 2024-08-23 09:58:47
2024-08-23 09:59:47,793 - __main__ - INFO - No updates to databases at 2024-08-23 09:59:47
2024-08-23 10:00:47,815 - __main__ - INFO - No updates to databases at 2024-08-23 10:00:47
2024-08-23 10:01:47,839 - __main__ - INFO - No updates to databases at 2024-08-23 10:01:47
2024-08-23 10:02:47,877 - __main__ - INFO - No updates to databases at 2024-08-23 10:02:47
2024-08-23 10:03:47,904 - __main__ - INFO - No updates to databases at 2024-08-23 10:03:47
2024-08-23 10:04:47,931 - __main__ - INFO - No updates to databases at 2024-08-23 10:04:47
2024-08-23 10:05:47,959 - __main__ - INFO - No updates to databases at 2024-08-23 10:05:47
2024-08-23 10:06:47,986 - __main__ - INFO - No updates to databases at 2024-08-23 10:06:47
2024-08-23 10:07:48,010 - __main__ - INFO - No updates to databases at 2024-08-23 10:07:48
2024-08-23 10:08:48,039 - __main__ - INFO - No updates to databases at 2024-08-23 10:08:48
2024-08-23 10:09:48,065 - __main__ - INFO - No updates to databases at 2024-08-23 10:09:48
2024-08-23 10:10:48,090 - __main__ - INFO - No updates to databases at 2024-08-23 10:10:48
2024-08-23 10:11:48,119 - __main__ - INFO - No updates to databases at 2024-08-23 10:11:48
2024-08-23 10:12:48,141 - __main__ - INFO - No updates to databases at 2024-08-23 10:12:48
2024-08-23 10:13:48,152 - __main__ - INFO - Got new liveTourneyIds: [95128873]
2024-08-23 10:13:48,177 - __main__ - INFO - No updates to databases at 2024-08-23 10:13:48
2024-08-23 10:14:48,200 - __main__ - INFO - No updates to databases at 2024-08-23 10:14:48
2024-08-23 10:15:48,227 - __main__ - INFO - No updates to databases at 2024-08-23 10:15:48
2024-08-23 10:16:48,249 - __main__ - INFO - No updates to databases at 2024-08-23 10:16:48
2024-08-23 10:17:48,272 - __main__ - INFO - No updates to databases at 2024-08-23 10:17:48
2024-08-23 10:18:48,297 - __main__ - INFO - No updates to databases at 2024-08-23 10:18:48
2024-08-23 10:19:48,320 - __main__ - INFO - No updates to databases at 2024-08-23 10:19:48
2024-08-23 10:20:48,348 - __main__ - INFO - No updates to databases at 2024-08-23 10:20:48
2024-08-23 10:21:48,372 - __main__ - INFO - No updates to databases at 2024-08-23 10:21:48
2024-08-23 10:22:48,395 - __main__ - INFO - No updates to databases at 2024-08-23 10:22:48
2024-08-23 10:23:48,419 - __main__ - INFO - No updates to databases at 2024-08-23 10:23:48
2024-08-23 10:24:48,443 - __main__ - INFO - No updates to databases at 2024-08-23 10:24:48
2024-08-23 10:25:48,466 - __main__ - INFO - No updates to databases at 2024-08-23 10:25:48
2024-08-23 10:26:48,497 - __main__ - INFO - No updates to databases at 2024-08-23 10:26:48
2024-08-23 10:27:48,521 - __main__ - INFO - No updates to databases at 2024-08-23 10:27:48
2024-08-23 10:28:48,542 - __main__ - INFO - No updates to databases at 2024-08-23 10:28:48
2024-08-23 10:29:48,564 - __main__ - INFO - No updates to databases at 2024-08-23 10:29:48
2024-08-23 10:30:48,592 - __main__ - INFO - No updates to databases at 2024-08-23 10:30:48
2024-08-23 10:31:48,613 - __main__ - INFO - No updates to databases at 2024-08-23 10:31:48
2024-08-23 10:32:48,648 - __main__ - INFO - No updates to databases at 2024-08-23 10:32:48
2024-08-23 10:33:48,668 - __main__ - INFO - No updates to databases at 2024-08-23 10:33:48
2024-08-23 10:34:48,694 - __main__ - INFO - No updates to databases at 2024-08-23 10:34:48
2024-08-23 10:35:48,719 - __main__ - INFO - No updates to databases at 2024-08-23 10:35:48
2024-08-23 10:36:48,741 - __main__ - INFO - No updates to databases at 2024-08-23 10:36:48
2024-08-23 10:37:48,763 - __main__ - INFO - No updates to databases at 2024-08-23 10:37:48
2024-08-23 10:38:48,790 - __main__ - INFO - No updates to databases at 2024-08-23 10:38:48
2024-08-23 10:39:48,815 - __main__ - INFO - No updates to databases at 2024-08-23 10:39:48
2024-08-23 10:40:48,840 - __main__ - INFO - No updates to databases at 2024-08-23 10:40:48
2024-08-23 10:41:48,871 - __main__ - INFO - No updates to databases at 2024-08-23 10:41:48
2024-08-23 10:42:48,899 - __main__ - INFO - No updates to databases at 2024-08-23 10:42:48
2024-08-23 10:43:48,924 - __main__ - INFO - No updates to databases at 2024-08-23 10:43:48
2024-08-23 10:44:48,954 - __main__ - INFO - No updates to databases at 2024-08-23 10:44:48
2024-08-23 10:45:48,977 - __main__ - INFO - No updates to databases at 2024-08-23 10:45:48
2024-08-23 10:46:49,005 - __main__ - INFO - No updates to databases at 2024-08-23 10:46:49
2024-08-23 10:47:49,028 - __main__ - INFO - No updates to databases at 2024-08-23 10:47:49
2024-08-23 10:48:49,053 - __main__ - INFO - No updates to databases at 2024-08-23 10:48:49
2024-08-23 10:49:49,080 - __main__ - INFO - No updates to databases at 2024-08-23 10:49:49
2024-08-23 10:50:49,104 - __main__ - INFO - No updates to databases at 2024-08-23 10:50:49
2024-08-23 10:51:49,126 - __main__ - INFO - No updates to databases at 2024-08-23 10:51:49
2024-08-23 10:52:49,149 - __main__ - INFO - No updates to databases at 2024-08-23 10:52:49
2024-08-23 10:53:49,177 - __main__ - INFO - No updates to databases at 2024-08-23 10:53:49
2024-08-23 10:54:49,202 - __main__ - INFO - No updates to databases at 2024-08-23 10:54:49
2024-08-23 10:55:49,227 - __main__ - INFO - No updates to databases at 2024-08-23 10:55:49
2024-08-23 10:56:49,273 - __main__ - INFO - No updates to databases at 2024-08-23 10:56:49
2024-08-23 10:57:49,293 - __main__ - INFO - No updates to databases at 2024-08-23 10:57:49
2024-08-23 10:58:49,321 - __main__ - INFO - No updates to databases at 2024-08-23 10:58:49
2024-08-23 10:59:49,345 - __main__ - INFO - No updates to databases at 2024-08-23 10:59:49
2024-08-23 11:00:49,368 - __main__ - INFO - No updates to databases at 2024-08-23 11:00:49
2024-08-23 11:01:49,398 - __main__ - INFO - No updates to databases at 2024-08-23 11:01:49
2024-08-23 11:02:49,431 - __main__ - INFO - No updates to databases at 2024-08-23 11:02:49
2024-08-23 11:03:49,460 - __main__ - INFO - No updates to databases at 2024-08-23 11:03:49
2024-08-23 11:04:49,488 - __main__ - INFO - No updates to databases at 2024-08-23 11:04:49
2024-08-23 11:05:49,515 - __main__ - INFO - No updates to databases at 2024-08-23 11:05:49
2024-08-23 11:06:49,539 - __main__ - INFO - No updates to databases at 2024-08-23 11:06:49
2024-08-23 11:07:49,562 - __main__ - INFO - No updates to databases at 2024-08-23 11:07:49
2024-08-23 11:08:49,591 - __main__ - INFO - No updates to databases at 2024-08-23 11:08:49
2024-08-23 11:09:49,614 - __main__ - INFO - No updates to databases at 2024-08-23 11:09:49
2024-08-23 11:10:49,639 - __main__ - INFO - No updates to databases at 2024-08-23 11:10:49
2024-08-23 11:11:49,661 - __main__ - INFO - No updates to databases at 2024-08-23 11:11:49
2024-08-23 11:12:49,682 - __main__ - INFO - No updates to databases at 2024-08-23 11:12:49
2024-08-23 11:13:49,694 - __main__ - INFO - Got new liveTourneyIds: [95128873]
2024-08-23 11:13:49,726 - __main__ - INFO - No updates to databases at 2024-08-23 11:13:49
2024-08-23 11:14:49,756 - __main__ - INFO - No updates to databases at 2024-08-23 11:14:49
2024-08-23 11:15:49,785 - __main__ - INFO - No updates to databases at 2024-08-23 11:15:49
2024-08-23 11:16:49,808 - __main__ - INFO - No updates to databases at 2024-08-23 11:16:49
2024-08-23 11:17:49,835 - __main__ - INFO - No updates to databases at 2024-08-23 11:17:49
2024-08-23 11:18:49,860 - __main__ - INFO - No updates to databases at 2024-08-23 11:18:49
2024-08-23 11:19:49,883 - __main__ - INFO - No updates to databases at 2024-08-23 11:19:49
2024-08-23 11:20:49,905 - __main__ - INFO - No updates to databases at 2024-08-23 11:20:49
2024-08-23 11:21:49,928 - __main__ - INFO - No updates to databases at 2024-08-23 11:21:49
2024-08-23 11:22:49,955 - __main__ - INFO - No updates to databases at 2024-08-23 11:22:49
2024-08-23 11:23:49,980 - __main__ - INFO - No updates to databases at 2024-08-23 11:23:49
2024-08-23 11:24:50,006 - __main__ - INFO - No updates to databases at 2024-08-23 11:24:50
2024-08-23 11:25:50,033 - __main__ - INFO - No updates to databases at 2024-08-23 11:25:50
2024-08-23 11:26:50,070 - __main__ - INFO - No updates to databases at 2024-08-23 11:26:50
2024-08-23 11:27:50,097 - __main__ - INFO - No updates to databases at 2024-08-23 11:27:50
2024-08-23 11:28:50,120 - __main__ - INFO - No updates to databases at 2024-08-23 11:28:50
2024-08-23 11:29:50,148 - __main__ - INFO - No updates to databases at 2024-08-23 11:29:50
2024-08-23 11:30:50,176 - __main__ - INFO - No updates to databases at 2024-08-23 11:30:50
2024-08-23 11:31:50,209 - __main__ - INFO - No updates to databases at 2024-08-23 11:31:50
2024-08-23 11:32:50,234 - __main__ - INFO - No updates to databases at 2024-08-23 11:32:50
2024-08-23 11:33:50,261 - __main__ - INFO - No updates to databases at 2024-08-23 11:33:50
2024-08-23 11:34:50,288 - __main__ - INFO - No updates to databases at 2024-08-23 11:34:50
2024-08-23 11:35:50,320 - __main__ - INFO - No updates to databases at 2024-08-23 11:35:50
2024-08-23 11:36:50,345 - __main__ - INFO - No updates to databases at 2024-08-23 11:36:50
2024-08-23 11:37:50,372 - __main__ - INFO - No updates to databases at 2024-08-23 11:37:50
2024-08-23 11:38:50,406 - __main__ - INFO - No updates to databases at 2024-08-23 11:38:50
2024-08-23 11:39:50,428 - __main__ - INFO - No updates to databases at 2024-08-23 11:39:50
2024-08-23 11:40:50,457 - __main__ - INFO - No updates to databases at 2024-08-23 11:40:50
2024-08-23 11:41:50,481 - __main__ - INFO - No updates to databases at 2024-08-23 11:41:50
2024-08-23 11:42:50,504 - __main__ - INFO - No updates to databases at 2024-08-23 11:42:50
2024-08-23 11:43:50,527 - __main__ - INFO - No updates to databases at 2024-08-23 11:43:50
2024-08-23 11:44:50,554 - __main__ - INFO - No updates to databases at 2024-08-23 11:44:50
2024-08-23 11:45:50,578 - __main__ - INFO - No updates to databases at 2024-08-23 11:45:50
2024-08-23 11:46:50,601 - __main__ - INFO - No updates to databases at 2024-08-23 11:46:50
2024-08-23 11:47:50,630 - __main__ - INFO - No updates to databases at 2024-08-23 11:47:50
2024-08-23 11:48:50,654 - __main__ - INFO - No updates to databases at 2024-08-23 11:48:50
2024-08-23 11:49:50,679 - __main__ - INFO - No updates to databases at 2024-08-23 11:49:50
2024-08-23 11:50:50,705 - __main__ - INFO - No updates to databases at 2024-08-23 11:50:50
2024-08-23 11:51:50,732 - __main__ - INFO - No updates to databases at 2024-08-23 11:51:50
2024-08-23 11:52:50,758 - __main__ - INFO - No updates to databases at 2024-08-23 11:52:50
2024-08-23 11:53:50,804 - __main__ - INFO - No updates to databases at 2024-08-23 11:53:50
2024-08-23 11:54:50,830 - __main__ - INFO - No updates to databases at 2024-08-23 11:54:50
2024-08-23 11:55:50,852 - __main__ - INFO - No updates to databases at 2024-08-23 11:55:50
2024-08-23 11:56:50,882 - __main__ - INFO - No updates to databases at 2024-08-23 11:56:50
2024-08-23 11:57:50,906 - __main__ - INFO - No updates to databases at 2024-08-23 11:57:50
2024-08-23 11:58:50,932 - __main__ - INFO - No updates to databases at 2024-08-23 11:58:50
2024-08-23 11:59:50,958 - __main__ - INFO - No updates to databases at 2024-08-23 11:59:50
2024-08-23 12:00:50,984 - __main__ - INFO - No updates to databases at 2024-08-23 12:00:50
2024-08-23 12:01:51,006 - __main__ - INFO - No updates to databases at 2024-08-23 12:01:51
2024-08-23 12:02:51,036 - __main__ - INFO - No updates to databases at 2024-08-23 12:02:51
2024-08-23 12:03:51,073 - __main__ - INFO - No updates to databases at 2024-08-23 12:03:51
2024-08-23 12:04:51,102 - __main__ - INFO - No updates to databases at 2024-08-23 12:04:51
2024-08-23 12:05:51,127 - __main__ - INFO - No updates to databases at 2024-08-23 12:05:51
2024-08-23 12:06:51,151 - __main__ - INFO - No updates to databases at 2024-08-23 12:06:51
2024-08-23 12:07:51,177 - __main__ - INFO - No updates to databases at 2024-08-23 12:07:51
2024-08-23 12:08:51,218 - __main__ - INFO - No updates to databases at 2024-08-23 12:08:51
2024-08-23 12:09:51,246 - __main__ - INFO - No updates to databases at 2024-08-23 12:09:51
2024-08-23 12:10:51,279 - __main__ - INFO - No updates to databases at 2024-08-23 12:10:51
2024-08-23 12:11:51,313 - __main__ - INFO - No updates to databases at 2024-08-23 12:11:51
2024-08-23 12:12:51,345 - __main__ - INFO - No updates to databases at 2024-08-23 12:12:51
2024-08-23 12:13:51,362 - __main__ - INFO - Got new liveTourneyIds: [95128873]
2024-08-23 12:13:51,396 - __main__ - INFO - No updates to databases at 2024-08-23 12:13:51
2024-08-23 12:14:51,418 - __main__ - INFO - No updates to databases at 2024-08-23 12:14:51
2024-08-23 12:15:51,448 - __main__ - INFO - No updates to databases at 2024-08-23 12:15:51
2024-08-23 12:16:51,477 - __main__ - INFO - No updates to databases at 2024-08-23 12:16:51
2024-08-23 12:17:51,501 - __main__ - INFO - No updates to databases at 2024-08-23 12:17:51
2024-08-23 12:18:51,530 - __main__ - INFO - No updates to databases at 2024-08-23 12:18:51
2024-08-23 12:19:51,559 - __main__ - INFO - No updates to databases at 2024-08-23 12:19:51
2024-08-23 12:20:51,585 - __main__ - INFO - No updates to databases at 2024-08-23 12:20:51
2024-08-23 12:21:51,612 - __main__ - INFO - No updates to databases at 2024-08-23 12:21:51
2024-08-23 12:22:51,636 - __main__ - INFO - No updates to databases at 2024-08-23 12:22:51
2024-08-23 12:23:51,660 - __main__ - INFO - No updates to databases at 2024-08-23 12:23:51
2024-08-23 12:24:51,686 - __main__ - INFO - No updates to databases at 2024-08-23 12:24:51
2024-08-23 12:25:51,709 - __main__ - INFO - No updates to databases at 2024-08-23 12:25:51
2024-08-23 12:26:51,741 - __main__ - INFO - No updates to databases at 2024-08-23 12:26:51
2024-08-23 12:27:51,765 - __main__ - INFO - No updates to databases at 2024-08-23 12:27:51
2024-08-23 12:28:51,790 - __main__ - INFO - No updates to databases at 2024-08-23 12:28:51
2024-08-23 12:29:51,814 - __main__ - INFO - No updates to databases at 2024-08-23 12:29:51
2024-08-23 12:30:51,846 - __main__ - INFO - No updates to databases at 2024-08-23 12:30:51
2024-08-23 12:31:51,867 - __main__ - INFO - No updates to databases at 2024-08-23 12:31:51
2024-08-23 12:32:51,898 - __main__ - INFO - No updates to databases at 2024-08-23 12:32:51
2024-08-23 12:33:51,923 - __main__ - INFO - No updates to databases at 2024-08-23 12:33:51
2024-08-23 12:34:51,953 - __main__ - INFO - No updates to databases at 2024-08-23 12:34:51
2024-08-23 12:35:51,977 - __main__ - INFO - No updates to databases at 2024-08-23 12:35:51
2024-08-23 12:36:51,999 - __main__ - INFO - No updates to databases at 2024-08-23 12:36:51
2024-08-23 12:37:52,022 - __main__ - INFO - No updates to databases at 2024-08-23 12:37:52
2024-08-23 12:38:52,046 - __main__ - INFO - No updates to databases at 2024-08-23 12:38:52
2024-08-23 12:39:52,067 - __main__ - INFO - No updates to databases at 2024-08-23 12:39:52
2024-08-23 12:40:52,096 - __main__ - INFO - No updates to databases at 2024-08-23 12:40:52
2024-08-23 12:41:52,120 - __main__ - INFO - No updates to databases at 2024-08-23 12:41:52
2024-08-23 12:42:52,147 - __main__ - INFO - No updates to databases at 2024-08-23 12:42:52
2024-08-23 12:43:52,170 - __main__ - INFO - No updates to databases at 2024-08-23 12:43:52
2024-08-23 12:44:52,203 - __main__ - INFO - No updates to databases at 2024-08-23 12:44:52
2024-08-23 12:45:52,230 - __main__ - INFO - No updates to databases at 2024-08-23 12:45:52
2024-08-23 12:46:52,253 - __main__ - INFO - No updates to databases at 2024-08-23 12:46:52
2024-08-23 12:47:52,277 - __main__ - INFO - No updates to databases at 2024-08-23 12:47:52
2024-08-23 12:48:52,300 - __main__ - INFO - No updates to databases at 2024-08-23 12:48:52
2024-08-23 12:49:52,323 - __main__ - INFO - No updates to databases at 2024-08-23 12:49:52
2024-08-23 12:50:52,351 - __main__ - INFO - No updates to databases at 2024-08-23 12:50:52
2024-08-23 12:51:52,377 - __main__ - INFO - No updates to databases at 2024-08-23 12:51:52
2024-08-23 12:52:52,399 - __main__ - INFO - No updates to databases at 2024-08-23 12:52:52
2024-08-23 12:53:52,423 - __main__ - INFO - No updates to databases at 2024-08-23 12:53:52
2024-08-23 12:54:52,452 - __main__ - INFO - No updates to databases at 2024-08-23 12:54:52
2024-08-23 12:55:52,475 - __main__ - INFO - No updates to databases at 2024-08-23 12:55:52
2024-08-23 12:56:52,516 - __main__ - INFO - No updates to databases at 2024-08-23 12:56:52
2024-08-23 12:57:52,540 - __main__ - INFO - No updates to databases at 2024-08-23 12:57:52
2024-08-23 12:58:52,564 - __main__ - INFO - No updates to databases at 2024-08-23 12:58:52
2024-08-23 12:59:52,584 - __main__ - INFO - No updates to databases at 2024-08-23 12:59:52
